<?xml version="1.0" encoding="UTF-8"?>
<!-- Generated by org.testng.reporters.JUnitReportReporter -->
<testsuite hostname="DESKTOP-8AT6061" failures="0" tests="1" name="com.jbk.LoginTestcasesPOM" time="5.334" errors="0" timestamp="2021-10-30T16:06:39 IST" skipped="0">
  <testcase classname="com.jbk.LoginTestcasesPOM" name="loginTest" time="5.334"/>
  <system-out/>
</testsuite> <!-- com.jbk.LoginTestcasesPOM -->
