<?xml version="1.0" encoding="UTF-8"?>
<!-- Generated by org.testng.reporters.JUnitReportReporter -->
<testsuite hostname="DESKTOP-8AT6061" failures="0" tests="3" name="com.jbk.NewTest" time="8.358" errors="0" timestamp="2021-10-27T13:44:03 IST" skipped="0">
  <testcase classname="com.jbk.NewTest" name="Test02" time="3.232"/>
  <system-out/>
  <testcase classname="com.jbk.NewTest" name="Test03" time="2.346"/>
  <system-out/>
  <testcase classname="com.jbk.NewTest" name="Test01" time="2.780"/>
  <system-out/>
</testsuite> <!-- com.jbk.NewTest -->
